<?xml version="1.0" encoding="UTF-8"?>
<!-- Generated by org.testng.reporters.JUnitReportReporter -->
<testsuite hostname="Akash-PC" name="tcRepo.FirstTest" tests="1" failures="0" timestamp="13 Sep 2017 05:45:11 GMT" time="107.153" errors="0">
  <testcase name="scenario" time="107.153" classname="tcRepo.FirstTest"/>
</testsuite> <!-- tcRepo.FirstTest -->
